<?xml version="1.0" encoding="UTF-8"?>
<!-- Generated by org.testng.reporters.JUnitXMLReporter -->
<testsuite ignored="0" hostname="Ravi" failures="0" tests="6" name="Test" time="13.461" errors="0" timestamp="2024-04-30T15:57:20 IST">
  <testcase classname="testScripts.RegisterTest" name="addtocart" time="2.141"/>
  <testcase classname="testScripts.RegisterTest" name="confirm" time="1.313"/>
  <testcase classname="testScripts.RegisterTest" name="login" time="1.797"/>
  <testcase classname="testScripts.RegisterTest" name="payment" time="1.314"/>
  <testcase classname="testScripts.BooksTest" name="books_001" time="10.983"/>
  <testcase classname="testScripts.RegisterTest" name="register" time="6.835"/>
</testsuite> <!-- Test -->
